nohup: ignoring input
/usr/lib/python2.5/site-packages/pycrypto-2.5-py2.5-linux-i686.egg/Crypto/Cipher/DES.py:3: UserWarning: Module pysnmp was already imported from /var/www/programming/server/pysnmp/__init__.pyc, but /usr/lib/python2.5/site-packages/pysnmp-4.2.1-py2.5.egg is being added to sys.path
  import sys, pkg_resources, imp
/usr/lib/python2.5/site-packages/pycrypto-2.5-py2.5-linux-i686.egg/Crypto/Cipher/DES.py:3: UserWarning: Module _mysql was already imported from /var/lib/python-support/python2.5/_mysql.so, but /var/lib/python-support/python2.5 is being added to sys.path
  import sys, pkg_resources, imp
Exception in thread Thread-8:
Traceback (most recent call last):
  File "/usr/lib/python2.5/threading.py", line 486, in __bootstrap_inner
    self.run()
  File "./main_new.py", line 34, in run
    backgroundworker()
  File "./main_new.py", line 152, in backgroundworker
    func(data)
  File "./main_new.py", line 113, in refresh
    gv.equipmentDict[equipmentID].refresh()
  File "/var/www/programming/server/equipment_new.py", line 604, in refresh
    self.streamDict = self.getrecorders(returnlist="dict") #Refresh list of streams
  File "/var/www/programming/server/plugin_omneon.py", line 36, in getrecorders
    xmlfromserver = xmlhelper.stringtoxml(stringfromserver)
  File "xmlhelper.py", line 27, in stringtoxml
    xml = minidom.parse(filelikeobject)
  File "/usr/lib/python2.5/xml/dom/minidom.py", line 1915, in parse
    return expatbuilder.parse(file)
  File "/usr/lib/python2.5/xml/dom/expatbuilder.py", line 928, in parse
    result = builder.parseFile(file)
  File "/usr/lib/python2.5/xml/dom/expatbuilder.py", line 211, in parseFile
    parser.Parse("", True)
ExpatError: no element found: line 1, column 0

Exception in thread Thread-10:
Traceback (most recent call last):
  File "/usr/lib/python2.5/threading.py", line 486, in __bootstrap_inner
    self.run()
  File "./main_new.py", line 34, in run
    backgroundworker()
  File "./main_new.py", line 152, in backgroundworker
    func(data)
  File "./main_new.py", line 113, in refresh
    gv.equipmentDict[equipmentID].refresh()
  File "/var/www/programming/server/equipment_new.py", line 604, in refresh
    self.streamDict = self.getrecorders(returnlist="dict") #Refresh list of streams
  File "/var/www/programming/server/plugin_omneon.py", line 36, in getrecorders
    xmlfromserver = xmlhelper.stringtoxml(stringfromserver)
  File "xmlhelper.py", line 27, in stringtoxml
    xml = minidom.parse(filelikeobject)
  File "/usr/lib/python2.5/xml/dom/minidom.py", line 1915, in parse
    return expatbuilder.parse(file)
  File "/usr/lib/python2.5/xml/dom/expatbuilder.py", line 928, in parse
    result = builder.parseFile(file)
  File "/usr/lib/python2.5/xml/dom/expatbuilder.py", line 211, in parseFile
    parser.Parse("", True)
ExpatError: no element found: line 1, column 0

Exception in thread Thread-18:
Traceback (most recent call last):
  File "/usr/lib/python2.5/threading.py", line 486, in __bootstrap_inner
    self.run()
  File "./main_new.py", line 34, in run
    backgroundworker()
  File "./main_new.py", line 152, in backgroundworker
    func(data)
  File "./main_new.py", line 113, in refresh
    gv.equipmentDict[equipmentID].refresh()
  File "/var/www/programming/server/equipment_new.py", line 604, in refresh
    self.streamDict = self.getrecorders(returnlist="dict") #Refresh list of streams
  File "/var/www/programming/server/plugin_omneon.py", line 36, in getrecorders
    xmlfromserver = xmlhelper.stringtoxml(stringfromserver)
  File "xmlhelper.py", line 27, in stringtoxml
    xml = minidom.parse(filelikeobject)
  File "/usr/lib/python2.5/xml/dom/minidom.py", line 1915, in parse
    return expatbuilder.parse(file)
  File "/usr/lib/python2.5/xml/dom/expatbuilder.py", line 928, in parse
    result = builder.parseFile(file)
  File "/usr/lib/python2.5/xml/dom/expatbuilder.py", line 211, in parseFile
    parser.Parse("", True)
ExpatError: no element found: line 1, column 0

